<?xml version="1.0" encoding="UTF-8"?>
<testng-results ignored="0" total="1" passed="0" failed="1" skipped="0">
  <reporter-output>
  </reporter-output>
  <suite started-at="2024-01-24T15:01:46 IST" name="Default suite" finished-at="2024-01-24T15:02:44 IST" duration-ms="58857">
    <groups>
    </groups>
    <test started-at="2024-01-24T15:01:46 IST" name="Default test" finished-at="2024-01-24T15:02:44 IST" duration-ms="58857">
      <class name="com.earth.TestScripts.TC_HOMEPAGE_test">
        <test-method is-config="true" signature="SetBrowser()[pri:0, instance:com.earth.TestScripts.TC_HOMEPAGE_test@6b81ce95]" started-at="2024-01-24T15:01:46 IST" name="SetBrowser" finished-at="2024-01-24T15:01:49 IST" duration-ms="3516" status="PASS">
          <reporter-output>
          </reporter-output>
        </test-method> <!-- SetBrowser -->
        <test-method signature="verifyHomePage()[pri:0, instance:com.earth.TestScripts.TC_HOMEPAGE_test@6b81ce95]" started-at="2024-01-24T15:01:49 IST" name="verifyHomePage" finished-at="2024-01-24T15:02:44 IST" duration-ms="55140" status="FAIL">
          <exception class="org.openqa.selenium.ElementNotInteractableException">
            <message>
              <![CDATA[element not interactable
  (Session info: chrome=120.0.6099.234)
Build info: version: '4.16.1', revision: '9b4c83354e'
System info: os.name: 'Mac OS X', os.arch: 'x86_64', os.version: '10.15.7', java.version: '17.0.9'
Driver info: org.openqa.selenium.chrome.ChromeDriver
Command: [b78a7f7ece5b8890e8dd6d49b9632fd7, clickElement {id=89A0D271296486A2F2DADA33CF6AA154_element_118}]
Capabilities {acceptInsecureCerts: false, browserName: chrome, browserVersion: 120.0.6099.234, chrome: {chromedriverVersion: 120.0.6099.109 (3419140ab66..., userDataDir: /var/folders/f_/hjqgv57j4d5...}, fedcm:accounts: true, goog:chromeOptions: {debuggerAddress: localhost:59656}, networkConnectionEnabled: false, pageLoadStrategy: normal, platformName: mac, proxy: Proxy(), se:cdp: ws://localhost:59656/devtoo..., se:cdpVersion: 120.0.6099.234, setWindowRect: true, strictFileInteractability: false, timeouts: {implicit: 0, pageLoad: 300000, script: 30000}, unhandledPromptBehavior: dismiss and notify, webauthn:extension:credBlob: true, webauthn:extension:largeBlob: true, webauthn:extension:minPinLength: true, webauthn:extension:prf: true, webauthn:virtualAuthenticators: true}
Element: [[ChromeDriver: chrome on mac (b78a7f7ece5b8890e8dd6d49b9632fd7)] -> xpath: (//a[.='Contact Us'])[1]]
Session ID: b78a7f7ece5b8890e8dd6d49b9632fd7]]>
            </message>
            <full-stacktrace>
              <![CDATA[org.openqa.selenium.ElementNotInteractableException: element not interactable
  (Session info: chrome=120.0.6099.234)
Build info: version: '4.16.1', revision: '9b4c83354e'
System info: os.name: 'Mac OS X', os.arch: 'x86_64', os.version: '10.15.7', java.version: '17.0.9'
Driver info: org.openqa.selenium.chrome.ChromeDriver
Command: [b78a7f7ece5b8890e8dd6d49b9632fd7, clickElement {id=89A0D271296486A2F2DADA33CF6AA154_element_118}]
Capabilities {acceptInsecureCerts: false, browserName: chrome, browserVersion: 120.0.6099.234, chrome: {chromedriverVersion: 120.0.6099.109 (3419140ab66..., userDataDir: /var/folders/f_/hjqgv57j4d5...}, fedcm:accounts: true, goog:chromeOptions: {debuggerAddress: localhost:59656}, networkConnectionEnabled: false, pageLoadStrategy: normal, platformName: mac, proxy: Proxy(), se:cdp: ws://localhost:59656/devtoo..., se:cdpVersion: 120.0.6099.234, setWindowRect: true, strictFileInteractability: false, timeouts: {implicit: 0, pageLoad: 300000, script: 30000}, unhandledPromptBehavior: dismiss and notify, webauthn:extension:credBlob: true, webauthn:extension:largeBlob: true, webauthn:extension:minPinLength: true, webauthn:extension:prf: true, webauthn:virtualAuthenticators: true}
Element: [[ChromeDriver: chrome on mac (b78a7f7ece5b8890e8dd6d49b9632fd7)] -> xpath: (//a[.='Contact Us'])[1]]
Session ID: b78a7f7ece5b8890e8dd6d49b9632fd7
at java.base/jdk.internal.reflect.NativeConstructorAccessorImpl.newInstance0(Native Method)
at java.base/jdk.internal.reflect.NativeConstructorAccessorImpl.newInstance(NativeConstructorAccessorImpl.java:77)
at java.base/jdk.internal.reflect.DelegatingConstructorAccessorImpl.newInstance(DelegatingConstructorAccessorImpl.java:45)
at java.base/java.lang.reflect.Constructor.newInstanceWithCaller(Constructor.java:499)
at java.base/java.lang.reflect.Constructor.newInstance(Constructor.java:480)
at org.openqa.selenium.remote.codec.w3c.W3CHttpResponseCodec.createException(W3CHttpResponseCodec.java:200)
at org.openqa.selenium.remote.codec.w3c.W3CHttpResponseCodec.decode(W3CHttpResponseCodec.java:133)
at org.openqa.selenium.remote.codec.w3c.W3CHttpResponseCodec.decode(W3CHttpResponseCodec.java:52)
at org.openqa.selenium.remote.HttpCommandExecutor.execute(HttpCommandExecutor.java:191)
at org.openqa.selenium.remote.service.DriverCommandExecutor.invokeExecute(DriverCommandExecutor.java:200)
at org.openqa.selenium.remote.service.DriverCommandExecutor.execute(DriverCommandExecutor.java:175)
at org.openqa.selenium.remote.RemoteWebDriver.execute(RemoteWebDriver.java:523)
at org.openqa.selenium.remote.RemoteWebElement.execute(RemoteWebElement.java:224)
at org.openqa.selenium.remote.RemoteWebElement.click(RemoteWebElement.java:77)
at java.base/jdk.internal.reflect.NativeMethodAccessorImpl.invoke0(Native Method)
at java.base/jdk.internal.reflect.NativeMethodAccessorImpl.invoke(NativeMethodAccessorImpl.java:77)
at java.base/jdk.internal.reflect.DelegatingMethodAccessorImpl.invoke(DelegatingMethodAccessorImpl.java:43)
at java.base/java.lang.reflect.Method.invoke(Method.java:568)
at org.openqa.selenium.support.pagefactory.internal.LocatingElementHandler.invoke(LocatingElementHandler.java:51)
at jdk.proxy2/jdk.proxy2.$Proxy12.click(Unknown Source)
at com.earth.PageObject.HomePage.ContactUs(HomePage.java:144)
at com.earth.TestScripts.TC_HOMEPAGE_test.verifyHomePage(TC_HOMEPAGE_test.java:35)
at java.base/jdk.internal.reflect.NativeMethodAccessorImpl.invoke0(Native Method)
at java.base/jdk.internal.reflect.NativeMethodAccessorImpl.invoke(NativeMethodAccessorImpl.java:77)
at java.base/jdk.internal.reflect.DelegatingMethodAccessorImpl.invoke(DelegatingMethodAccessorImpl.java:43)
at java.base/java.lang.reflect.Method.invoke(Method.java:568)
at org.testng.internal.invokers.MethodInvocationHelper.invokeMethod(MethodInvocationHelper.java:139)
at org.testng.internal.invokers.TestInvoker.invokeMethod(TestInvoker.java:664)
at org.testng.internal.invokers.TestInvoker.invokeTestMethod(TestInvoker.java:228)
at org.testng.internal.invokers.MethodRunner.runInSequence(MethodRunner.java:63)
at org.testng.internal.invokers.TestInvoker$MethodInvocationAgent.invoke(TestInvoker.java:961)
at org.testng.internal.invokers.TestInvoker.invokeTestMethods(TestInvoker.java:201)
at org.testng.internal.invokers.TestMethodWorker.invokeTestMethods(TestMethodWorker.java:148)
at org.testng.internal.invokers.TestMethodWorker.run(TestMethodWorker.java:128)
at java.base/java.util.ArrayList.forEach(ArrayList.java:1511)
at org.testng.TestRunner.privateRun(TestRunner.java:819)
at org.testng.TestRunner.run(TestRunner.java:619)
at org.testng.SuiteRunner.runTest(SuiteRunner.java:443)
at org.testng.SuiteRunner.runSequentially(SuiteRunner.java:437)
at org.testng.SuiteRunner.privateRun(SuiteRunner.java:397)
at org.testng.SuiteRunner.run(SuiteRunner.java:336)
at org.testng.SuiteRunnerWorker.runSuite(SuiteRunnerWorker.java:52)
at org.testng.SuiteRunnerWorker.run(SuiteRunnerWorker.java:95)
at org.testng.TestNG.runSuitesSequentially(TestNG.java:1301)
at org.testng.TestNG.runSuitesLocally(TestNG.java:1228)
at org.testng.TestNG.runSuites(TestNG.java:1134)
at org.testng.TestNG.run(TestNG.java:1101)
at org.testng.remote.AbstractRemoteTestNG.run(AbstractRemoteTestNG.java:115)
at org.testng.remote.RemoteTestNG.initAndRun(RemoteTestNG.java:251)
at org.testng.remote.RemoteTestNG.main(RemoteTestNG.java:77)
]]>
            </full-stacktrace>
          </exception> <!-- org.openqa.selenium.ElementNotInteractableException -->
          <reporter-output>
          </reporter-output>
        </test-method> <!-- verifyHomePage -->
        <test-method is-config="true" signature="tearDown()[pri:0, instance:com.earth.TestScripts.TC_HOMEPAGE_test@6b81ce95]" started-at="2024-01-24T15:02:44 IST" name="tearDown" finished-at="2024-01-24T15:02:44 IST" duration-ms="158" status="PASS">
          <reporter-output>
          </reporter-output>
        </test-method> <!-- tearDown -->
      </class> <!-- com.earth.TestScripts.TC_HOMEPAGE_test -->
    </test> <!-- Default test -->
  </suite> <!-- Default suite -->
</testng-results>
