<?xml version="1.0" encoding="UTF-8"?>
<testng-results ignored="0" total="1" passed="1" failed="0" skipped="0">
  <reporter-output>
  </reporter-output>
  <suite started-at="2024-01-24T11:43:47 IST" name="Default suite" finished-at="2024-01-24T11:43:51 IST" duration-ms="4191">
    <groups>
    </groups>
    <test started-at="2024-01-24T11:43:47 IST" name="Default test" finished-at="2024-01-24T11:43:51 IST" duration-ms="4191">
      <class name="com.earth.TestScripts.TC_HOMEPAGE_test">
        <test-method is-config="true" signature="SetBrowser()[pri:0, instance:com.earth.TestScripts.TC_HOMEPAGE_test@6572421]" started-at="2024-01-24T11:43:47 IST" name="SetBrowser" finished-at="2024-01-24T11:43:51 IST" duration-ms="3885" status="PASS">
          <reporter-output>
          </reporter-output>
        </test-method> <!-- SetBrowser -->
        <test-method signature="verifyHomePage()[pri:0, instance:com.earth.TestScripts.TC_HOMEPAGE_test@6572421]" started-at="2024-01-24T11:43:51 IST" name="verifyHomePage" finished-at="2024-01-24T11:43:51 IST" duration-ms="98" status="PASS">
          <reporter-output>
          </reporter-output>
        </test-method> <!-- verifyHomePage -->
        <test-method is-config="true" signature="tearDown()[pri:0, instance:com.earth.TestScripts.TC_HOMEPAGE_test@6572421]" started-at="2024-01-24T11:43:51 IST" name="tearDown" finished-at="2024-01-24T11:43:51 IST" duration-ms="165" status="PASS">
          <reporter-output>
          </reporter-output>
        </test-method> <!-- tearDown -->
      </class> <!-- com.earth.TestScripts.TC_HOMEPAGE_test -->
    </test> <!-- Default test -->
  </suite> <!-- Default suite -->
</testng-results>
